-------------------------------------------------------------------------------
Test set: RunnerFile.TestRunner
-------------------------------------------------------------------------------
Tests run: 3, Failures: 0, Errors: 2, Skipped: 0, Time elapsed: 1.431 s <<< FAILURE! - in RunnerFile.TestRunner
basket functionality.Verify the basket functionality  Time elapsed: 0.154 s  <<< ERROR!
io.cucumber.core.exception.CucumberException: Failed to instantiate class StepDefination.BasketPageClass
Caused by: java.lang.reflect.InvocationTargetException
Caused by: java.lang.StackOverflowError

Checkout Functionality.Verify checkout with valid first name, last name, and postal code  Time elapsed: 0.09 s  <<< ERROR!
io.cucumber.junit.UndefinedStepException: 
The step 'user enters "standard_user" and "secret_sauce" details' and 6 other step(s) are undefined.
You can implement these steps using the snippet(s) below:

@Given("user enters {string} and {string} details")
public void user_enters_and_details(String string, String string2) {
    // Write code here that turns the phrase above into concrete actions
    throw new io.cucumber.java.PendingException();
}
@When("user clicks on the login button")
public void user_clicks_on_the_login_button() {
    // Write code here that turns the phrase above into concrete actions
    throw new io.cucumber.java.PendingException();
}
@When("user clicks on the add to cart button")
public void user_clicks_on_the_add_to_cart_button() {
    // Write code here that turns the phrase above into concrete actions
    throw new io.cucumber.java.PendingException();
}
@Then("user navigates to the checkout page")
public void user_navigates_to_the_checkout_page() {
    // Write code here that turns the phrase above into concrete actions
    throw new io.cucumber.java.PendingException();
}
@Then("user enters the personal details {string}, {string}, and {string}")
public void user_enters_the_personal_details_and(String string, String string2, String string3) {
    // Write code here that turns the phrase above into concrete actions
    throw new io.cucumber.java.PendingException();
}
@Then("User click on continue btn")
public void user_click_on_continue_btn() {
    // Write code here that turns the phrase above into concrete actions
    throw new io.cucumber.java.PendingException();
}
@Then("validate user navigate to checkout two page")
public void validate_user_navigate_to_checkout_two_page() {
    // Write code here that turns the phrase above into concrete actions
    throw new io.cucumber.java.PendingException();
}


