<?xml version="1.0" encoding="UTF-8"?>
<testsuite xmlns:xsi="http://www.w3.org/2001/XMLSchema-instance" xsi:noNamespaceSchemaLocation="https://maven.apache.org/surefire/maven-surefire-plugin/xsd/surefire-test-report-3.0.xsd" version="3.0" name="RunnerFile.TestRunner" time="1.431" tests="3" errors="2" skipped="0" failures="0">
  <properties>
[...]
</properties>
  <testcase name="Verify the basket functionality" classname="basket functionality" time="0.154">
    <error message="Failed to instantiate class StepDefination.BasketPageClass" type="io.cucumber.core.exception.CucumberException"><![CDATA[io.cucumber.core.exception.CucumberException: Failed to instantiate class StepDefination.BasketPageClass
Caused by: java.lang.reflect.InvocationTargetException
Caused by: java.lang.StackOverflowError
]]></error>
  </testcase>
  <testcase name="Verify to check login functionality when username and password correct" classname="Login functionality" time="0.013">
    <system-out><![CDATA[user site
username and password
click on login button
user is login successfully
]]></system-out>
  </testcase>
  <testcase name="Verify checkout with valid first name, last name, and postal code" classname="Checkout Functionality" time="0.09">
    <error message="The step &apos;user enters &quot;standard_user&quot; and &quot;secret_sauce&quot; details&apos; and 6 other step(s) are undefined.&#10;You can implement these steps using the snippet(s) below:&#10;&#10;@Given(&quot;user enters {string} and {string} details&quot;)&#10;public void user_enters_and_details(String string, String string2) {&#10;    // Write code here that turns the phrase above into concrete actions&#10;    throw new io.cucumber.java.PendingException();&#10;}&#10;@When(&quot;user clicks on the login button&quot;)&#10;public void user_clicks_on_the_login_button() {&#10;    // Write code here that turns the phrase above into concrete actions&#10;    throw new io.cucumber.java.PendingException();&#10;}&#10;@When(&quot;user clicks on the add to cart button&quot;)&#10;public void user_clicks_on_the_add_to_cart_button() {&#10;    // Write code here that turns the phrase above into concrete actions&#10;    throw new io.cucumber.java.PendingException();&#10;}&#10;@Then(&quot;user navigates to the checkout page&quot;)&#10;public void user_navigates_to_the_checkout_page() {&#10;    // Write code here that turns the phrase above into concrete actions&#10;    throw new io.cucumber.java.PendingException();&#10;}&#10;@Then(&quot;user enters the personal details {string}, {string}, and {string}&quot;)&#10;public void user_enters_the_personal_details_and(String string, String string2, String string3) {&#10;    // Write code here that turns the phrase above into concrete actions&#10;    throw new io.cucumber.java.PendingException();&#10;}&#10;@Then(&quot;User click on continue btn&quot;)&#10;public void user_click_on_continue_btn() {&#10;    // Write code here that turns the phrase above into concrete actions&#10;    throw new io.cucumber.java.PendingException();&#10;}&#10;@Then(&quot;validate user navigate to checkout two page&quot;)&#10;public void validate_user_navigate_to_checkout_two_page() {&#10;    // Write code here that turns the phrase above into concrete actions&#10;    throw new io.cucumber.java.PendingException();&#10;}&#10;" type="io.cucumber.junit.UndefinedStepException"><![CDATA[io.cucumber.junit.UndefinedStepException: 
The step 'user enters "standard_user" and "secret_sauce" details' and 6 other step(s) are undefined.
You can implement these steps using the snippet(s) below:

@Given("user enters {string} and {string} details")
public void user_enters_and_details(String string, String string2) {
    // Write code here that turns the phrase above into concrete actions
    throw new io.cucumber.java.PendingException();
}
@When("user clicks on the login button")
public void user_clicks_on_the_login_button() {
    // Write code here that turns the phrase above into concrete actions
    throw new io.cucumber.java.PendingException();
}
@When("user clicks on the add to cart button")
public void user_clicks_on_the_add_to_cart_button() {
    // Write code here that turns the phrase above into concrete actions
    throw new io.cucumber.java.PendingException();
}
@Then("user navigates to the checkout page")
public void user_navigates_to_the_checkout_page() {
    // Write code here that turns the phrase above into concrete actions
    throw new io.cucumber.java.PendingException();
}
@Then("user enters the personal details {string}, {string}, and {string}")
public void user_enters_the_personal_details_and(String string, String string2, String string3) {
    // Write code here that turns the phrase above into concrete actions
    throw new io.cucumber.java.PendingException();
}
@Then("User click on continue btn")
public void user_click_on_continue_btn() {
    // Write code here that turns the phrase above into concrete actions
    throw new io.cucumber.java.PendingException();
}
@Then("validate user navigate to checkout two page")
public void validate_user_navigate_to_checkout_two_page() {
    // Write code here that turns the phrase above into concrete actions
    throw new io.cucumber.java.PendingException();
}

]]></error>
  </testcase>
</testsuite>